<?xml version="1.0" encoding="UTF-8"?>
<!-- Generated by org.testng.reporters.JUnitReportReporter -->
<testsuite hostname="DESKTOP-92LJFI1" failures="0" tests="1" name="restassuredTests.Demo1_GET_Request" time="4.181" errors="0" timestamp="2024-12-19T00:07:02 IST" skipped="0">
  <testcase classname="restassuredTests.Demo1_GET_Request" name="weatherdetails" time="4.181"/>
  <system-out/>
</testsuite> <!-- restassuredTests.Demo1_GET_Request -->
